<?xml version="1.0" encoding="UTF-8"?>
<testsuite name="sample.web.ui.SampleWebUiApplicationTests" tests="2" skipped="0" failures="0" errors="0" timestamp="2019-04-06T01:32:12" hostname="seoui-MacBookPro.local" time="0.176">
  <properties/>
  <testcase name="testCss" classname="sample.web.ui.SampleWebUiApplicationTests" time="0.145"/>
  <testcase name="testHome" classname="sample.web.ui.SampleWebUiApplicationTests" time="0.03"/>
  <system-out><![CDATA["10:32:11.219 [Test worker] INFO  o.s.b.t.c.SpringBootTestContextBootstrapper - Neither @ContextConfiguration nor @ContextHierarchy found for test class [sample.web.ui.SampleWebUiApplicationTests], using SpringBootContextLoader
""10:32:11.220 [Test worker] INFO  o.s.t.c.s.AbstractContextLoader - Could not detect default resource locations for test class [sample.web.ui.SampleWebUiApplicationTests]: no resource found for suffixes {-context.xml, Context.groovy}.
""10:32:11.220 [Test worker] INFO  o.s.t.c.s.AnnotationConfigContextLoaderUtils - Could not detect default configuration classes for test class [sample.web.ui.SampleWebUiApplicationTests]: SampleWebUiApplicationTests does not declare any static, non-private, non-final, nested classes annotated with @Configuration.
""10:32:11.222 [Test worker] INFO  o.s.b.t.c.SpringBootTestContextBootstrapper - Found @SpringBootConfiguration sample.web.ui.SampleWebUiApplication for test class sample.web.ui.SampleWebUiApplicationTests
""10:32:11.223 [Test worker] INFO  o.s.b.t.c.SpringBootTestContextBootstrapper - Loaded default TestExecutionListener class names from location [META-INF/spring.factories]: [org.springframework.boot.test.autoconfigure.restdocs.RestDocsTestExecutionListener, org.springframework.boot.test.autoconfigure.web.client.MockRestServiceServerResetTestExecutionListener, org.springframework.boot.test.autoconfigure.web.servlet.MockMvcPrintOnlyOnFailureTestExecutionListener, org.springframework.boot.test.autoconfigure.web.servlet.WebDriverTestExecutionListener, org.springframework.boot.test.mock.mockito.MockitoTestExecutionListener, org.springframework.boot.test.mock.mockito.ResetMocksTestExecutionListener, org.springframework.test.context.web.ServletTestExecutionListener, org.springframework.test.context.support.DirtiesContextBeforeModesTestExecutionListener, org.springframework.test.context.support.DependencyInjectionTestExecutionListener, org.springframework.test.context.support.DirtiesContextTestExecutionListener, org.springframework.test.context.transaction.TransactionalTestExecutionListener, org.springframework.test.context.jdbc.SqlScriptsTestExecutionListener]
""10:32:11.224 [Test worker] INFO  o.s.b.t.c.SpringBootTestContextBootstrapper - Using TestExecutionListeners: [org.springframework.test.context.web.ServletTestExecutionListener@27b61367, org.springframework.test.context.support.DirtiesContextBeforeModesTestExecutionListener@1d3a2faf, org.springframework.boot.test.mock.mockito.MockitoTestExecutionListener@2a8ba5c1, org.springframework.boot.test.autoconfigure.SpringBootDependencyInjectionTestExecutionListener@e08cb25, org.springframework.test.context.support.DirtiesContextTestExecutionListener@1932dca8, org.springframework.boot.test.autoconfigure.restdocs.RestDocsTestExecutionListener@55b9df76, org.springframework.boot.test.autoconfigure.web.client.MockRestServiceServerResetTestExecutionListener@226bddad, org.springframework.boot.test.autoconfigure.web.servlet.MockMvcPrintOnlyOnFailureTestExecutionListener@6af26b26, org.springframework.boot.test.autoconfigure.web.servlet.WebDriverTestExecutionListener@652a3d4c, org.springframework.boot.test.mock.mockito.ResetMocksTestExecutionListener@7ef30cf0]
"
  .   ____          _            __ _ _
 /\\ / ___'_ __ _ _(_)_ __  __ _ \ \ \ \
( ( )\___ | '_ | '_| | '_ \/ _` | \ \ \ \
 \\/  ___)| |_)| | | | | || (_| |  ) ) ) )
  '  |____| .__|_| |_|_| |_\__, | / / / /
 =========|_|==============|___/=/_/_/_/
 :: Spring Boot ::        (v2.0.3.RELEASE)

"10:32:11.257 [Test worker] INFO  s.w.u.SampleWebUiApplicationTests - Starting SampleWebUiApplicationTests on seoui-MacBookPro.local with PID 5010 (started by seowonchoi in /Users/seowonchoi/Github/spring_boot/spring-boot-samples/spring-boot-sample-web-ui)
""10:32:11.257 [Test worker] INFO  s.w.u.SampleWebUiApplicationTests - No active profile set, falling back to default profiles: default
""10:32:11.261 [Test worker] INFO  o.s.b.w.s.c.AnnotationConfigServletWebServerApplicationContext - Refreshing org.springframework.boot.web.servlet.context.AnnotationConfigServletWebServerApplicationContext@123e610d: startup date [Sat Apr 06 10:32:11 KST 2019]; root of context hierarchy
""10:32:11.626 [Test worker] INFO  o.s.b.w.e.t.TomcatWebServer - Tomcat initialized with port(s): 0 (http)
""10:32:11.659 [Test worker] INFO  o.a.c.c.StandardService - Starting service [Tomcat]
""10:32:11.660 [Test worker] INFO  o.a.c.c.StandardEngine - Starting Servlet Engine: Apache Tomcat/8.5.31
""10:32:11.669 [localhost-startStop-1] INFO  o.a.c.c.AprLifecycleListener - The APR based Apache Tomcat Native library which allows optimal performance in production environments was not found on the java.library.path: [/Users/seowonchoi/Library/Java/Extensions:/Library/Java/Extensions:/Network/Library/Java/Extensions:/System/Library/Java/Extensions:/usr/lib/java:.]
""10:32:11.761 [localhost-startStop-1] INFO  o.a.c.c.C.[.[.[/] - Initializing Spring embedded WebApplicationContext
""10:32:11.761 [localhost-startStop-1] INFO  o.s.w.c.ContextLoader - Root WebApplicationContext: initialization completed in 500 ms
""10:32:11.828 [localhost-startStop-1] INFO  o.s.b.w.s.ServletRegistrationBean - Servlet dispatcherServlet mapped to [/]
""10:32:11.832 [localhost-startStop-1] INFO  o.s.b.w.s.FilterRegistrationBean - Mapping filter: 'characterEncodingFilter' to: [/*]
""10:32:11.832 [localhost-startStop-1] INFO  o.s.b.w.s.FilterRegistrationBean - Mapping filter: 'hiddenHttpMethodFilter' to: [/*]
""10:32:11.832 [localhost-startStop-1] INFO  o.s.b.w.s.FilterRegistrationBean - Mapping filter: 'httpPutFormContentFilter' to: [/*]
""10:32:11.832 [localhost-startStop-1] INFO  o.s.b.w.s.FilterRegistrationBean - Mapping filter: 'requestContextFilter' to: [/*]
""10:32:11.913 [Test worker] INFO  o.s.w.s.h.SimpleUrlHandlerMapping - Mapped URL path [/**/favicon.ico] onto handler of type [class org.springframework.web.servlet.resource.ResourceHttpRequestHandler]
""10:32:11.979 [Test worker] INFO  o.s.w.s.m.m.a.RequestMappingHandlerAdapter - Looking for @ControllerAdvice: org.springframework.boot.web.servlet.context.AnnotationConfigServletWebServerApplicationContext@123e610d: startup date [Sat Apr 06 10:32:11 KST 2019]; root of context hierarchy
""10:32:11.991 [Test worker] INFO  o.s.w.s.m.m.a.RequestMappingHandlerMapping - Mapped "{[/],methods=[GET]}" onto public org.springframework.web.servlet.ModelAndView sample.web.ui.mvc.MessageController.list()
""10:32:11.991 [Test worker] INFO  o.s.w.s.m.m.a.RequestMappingHandlerMapping - Mapped "{[/delete/{id}],methods=[GET]}" onto public org.springframework.web.servlet.ModelAndView sample.web.ui.mvc.MessageController.delete(java.lang.Long)
""10:32:11.992 [Test worker] INFO  o.s.w.s.m.m.a.RequestMappingHandlerMapping - Mapped "{[/],methods=[POST]}" onto public org.springframework.web.servlet.ModelAndView sample.web.ui.mvc.MessageController.create(sample.web.ui.Message,org.springframework.validation.BindingResult,org.springframework.web.servlet.mvc.support.RedirectAttributes)
""10:32:11.992 [Test worker] INFO  o.s.w.s.m.m.a.RequestMappingHandlerMapping - Mapped "{[/],methods=[GET],params=[form]}" onto public java.lang.String sample.web.ui.mvc.MessageController.createForm(sample.web.ui.Message)
""10:32:11.993 [Test worker] INFO  o.s.w.s.m.m.a.RequestMappingHandlerMapping - Mapped "{[/health],methods=[GET]}" onto public java.util.HashMap<java.lang.String, java.lang.Object> sample.web.ui.mvc.MessageController.health()
""10:32:11.993 [Test worker] INFO  o.s.w.s.m.m.a.RequestMappingHandlerMapping - Mapped "{[/{id}],methods=[GET]}" onto public org.springframework.web.servlet.ModelAndView sample.web.ui.mvc.MessageController.view(sample.web.ui.Message)
""10:32:11.993 [Test worker] INFO  o.s.w.s.m.m.a.RequestMappingHandlerMapping - Mapped "{[/foo]}" onto public java.lang.String sample.web.ui.mvc.MessageController.foo()
""10:32:11.996 [Test worker] INFO  o.s.w.s.m.m.a.RequestMappingHandlerMapping - Mapped "{[/error]}" onto public org.springframework.http.ResponseEntity<java.util.Map<java.lang.String, java.lang.Object>> org.springframework.boot.autoconfigure.web.servlet.error.BasicErrorController.error(javax.servlet.http.HttpServletRequest)
""10:32:11.996 [Test worker] INFO  o.s.w.s.m.m.a.RequestMappingHandlerMapping - Mapped "{[/error],produces=[text/html]}" onto public org.springframework.web.servlet.ModelAndView org.springframework.boot.autoconfigure.web.servlet.error.BasicErrorController.errorHtml(javax.servlet.http.HttpServletRequest,javax.servlet.http.HttpServletResponse)
""10:32:12.008 [Test worker] INFO  o.s.w.s.h.SimpleUrlHandlerMapping - Mapped URL path [/webjars/**] onto handler of type [class org.springframework.web.servlet.resource.ResourceHttpRequestHandler]
""10:32:12.009 [Test worker] INFO  o.s.w.s.h.SimpleUrlHandlerMapping - Mapped URL path [/**] onto handler of type [class org.springframework.web.servlet.resource.ResourceHttpRequestHandler]
""10:32:12.115 [Test worker] INFO  o.s.b.w.e.t.TomcatWebServer - Tomcat started on port(s): 52751 (http) with context path ''
""10:32:12.116 [Test worker] INFO  s.w.u.SampleWebUiApplicationTests - Started SampleWebUiApplicationTests in 0.89 seconds (JVM running for 4.1)
""10:32:12.187 [http-nio-auto-1-exec-1] INFO  o.a.c.c.C.[.[.[/] - Initializing Spring FrameworkServlet 'dispatcherServlet'
""10:32:12.187 [http-nio-auto-1-exec-1] INFO  o.s.w.s.DispatcherServlet - FrameworkServlet 'dispatcherServlet': initialization started
""10:32:12.198 [http-nio-auto-1-exec-1] INFO  o.s.w.s.DispatcherServlet - FrameworkServlet 'dispatcherServlet': initialization completed in 11 ms
"]]></system-out>
  <system-err><![CDATA[]]></system-err>
</testsuite>
