<?xml version="1.0" encoding="UTF-8"?>
<testsuite name="sample.web.ui.SampleWebUiApplicationTests" tests="3" skipped="0" failures="0" errors="0" timestamp="2019-04-02T04:45:37" hostname="seouimacbookpro.kr.ibm.com" time="0.199">
  <properties/>
  <testcase name="testCss" classname="sample.web.ui.SampleWebUiApplicationTests" time="0.136"/>
  <testcase name="testHome" classname="sample.web.ui.SampleWebUiApplicationTests" time="0.035"/>
  <testcase name="testCreate" classname="sample.web.ui.SampleWebUiApplicationTests" time="0.026"/>
  <system-out><![CDATA[2019-04-02 13:45:36.523  INFO 5359 --- [    Test worker] .b.t.c.SpringBootTestContextBootstrapper : Neither @ContextConfiguration nor @ContextHierarchy found for test class [sample.web.ui.SampleWebUiApplicationTests], using SpringBootContextLoader
2019-04-02 13:45:36.524  INFO 5359 --- [    Test worker] o.s.t.c.support.AbstractContextLoader    : Could not detect default resource locations for test class [sample.web.ui.SampleWebUiApplicationTests]: no resource found for suffixes {-context.xml, Context.groovy}.
2019-04-02 13:45:36.524  INFO 5359 --- [    Test worker] t.c.s.AnnotationConfigContextLoaderUtils : Could not detect default configuration classes for test class [sample.web.ui.SampleWebUiApplicationTests]: SampleWebUiApplicationTests does not declare any static, non-private, non-final, nested classes annotated with @Configuration.
2019-04-02 13:45:36.526  INFO 5359 --- [    Test worker] .b.t.c.SpringBootTestContextBootstrapper : Found @SpringBootConfiguration sample.web.ui.SampleWebUiApplication for test class sample.web.ui.SampleWebUiApplicationTests
2019-04-02 13:45:36.528  INFO 5359 --- [    Test worker] .b.t.c.SpringBootTestContextBootstrapper : Loaded default TestExecutionListener class names from location [META-INF/spring.factories]: [org.springframework.boot.test.autoconfigure.restdocs.RestDocsTestExecutionListener, org.springframework.boot.test.autoconfigure.web.client.MockRestServiceServerResetTestExecutionListener, org.springframework.boot.test.autoconfigure.web.servlet.MockMvcPrintOnlyOnFailureTestExecutionListener, org.springframework.boot.test.autoconfigure.web.servlet.WebDriverTestExecutionListener, org.springframework.boot.test.mock.mockito.MockitoTestExecutionListener, org.springframework.boot.test.mock.mockito.ResetMocksTestExecutionListener, org.springframework.test.context.web.ServletTestExecutionListener, org.springframework.test.context.support.DirtiesContextBeforeModesTestExecutionListener, org.springframework.test.context.support.DependencyInjectionTestExecutionListener, org.springframework.test.context.support.DirtiesContextTestExecutionListener, org.springframework.test.context.transaction.TransactionalTestExecutionListener, org.springframework.test.context.jdbc.SqlScriptsTestExecutionListener]
2019-04-02 13:45:36.529  INFO 5359 --- [    Test worker] .b.t.c.SpringBootTestContextBootstrapper : Using TestExecutionListeners: [org.springframework.test.context.web.ServletTestExecutionListener@5d3b92fb, org.springframework.test.context.support.DirtiesContextBeforeModesTestExecutionListener@51f44855, org.springframework.boot.test.mock.mockito.MockitoTestExecutionListener@476eed71, org.springframework.boot.test.autoconfigure.SpringBootDependencyInjectionTestExecutionListener@5bd22023, org.springframework.test.context.support.DirtiesContextTestExecutionListener@5affdde8, org.springframework.boot.test.autoconfigure.restdocs.RestDocsTestExecutionListener@293a8002, org.springframework.boot.test.autoconfigure.web.client.MockRestServiceServerResetTestExecutionListener@198fe531, org.springframework.boot.test.autoconfigure.web.servlet.MockMvcPrintOnlyOnFailureTestExecutionListener@53161d1b, org.springframework.boot.test.autoconfigure.web.servlet.WebDriverTestExecutionListener@77a28a0c, org.springframework.boot.test.mock.mockito.ResetMocksTestExecutionListener@a652e6a]

  .   ____          _            __ _ _
 /\\ / ___'_ __ _ _(_)_ __  __ _ \ \ \ \
( ( )\___ | '_ | '_| | '_ \/ _` | \ \ \ \
 \\/  ___)| |_)| | | | | || (_| |  ) ) ) )
  '  |____| .__|_| |_|_| |_\__, | / / / /
 =========|_|==============|___/=/_/_/_/
 :: Spring Boot ::        (v2.0.3.RELEASE)

2019-04-02 13:45:36.555  INFO 5359 --- [    Test worker] s.web.ui.SampleWebUiApplicationTests     : Starting SampleWebUiApplicationTests on seouimacbookpro.kr.ibm.com with PID 5359 (started by seowonchoi in /Users/seowonchoi/Github/spring_boot/spring-boot-samples/spring-boot-sample-web-ui)
2019-04-02 13:45:36.556  INFO 5359 --- [    Test worker] s.web.ui.SampleWebUiApplicationTests     : No active profile set, falling back to default profiles: default
2019-04-02 13:45:36.557  INFO 5359 --- [    Test worker] ConfigServletWebServerApplicationContext : Refreshing org.springframework.boot.web.servlet.context.AnnotationConfigServletWebServerApplicationContext@731eacd4: startup date [Tue Apr 02 13:45:36 KST 2019]; root of context hierarchy
2019-04-02 13:45:36.900  INFO 5359 --- [    Test worker] o.s.b.w.embedded.tomcat.TomcatWebServer  : Tomcat initialized with port(s): 0 (http)
2019-04-02 13:45:36.937  INFO 5359 --- [    Test worker] o.apache.catalina.core.StandardService   : Starting service [Tomcat]
2019-04-02 13:45:36.938  INFO 5359 --- [    Test worker] org.apache.catalina.core.StandardEngine  : Starting Servlet Engine: Apache Tomcat/8.5.31
2019-04-02 13:45:36.951  INFO 5359 --- [ost-startStop-1] o.a.catalina.core.AprLifecycleListener   : The APR based Apache Tomcat Native library which allows optimal performance in production environments was not found on the java.library.path: [/Users/seowonchoi/Library/Java/Extensions:/Library/Java/Extensions:/Network/Library/Java/Extensions:/System/Library/Java/Extensions:/usr/lib/java:.]
2019-04-02 13:45:37.078  INFO 5359 --- [ost-startStop-1] o.a.c.c.C.[Tomcat].[localhost].[/]       : Initializing Spring embedded WebApplicationContext
2019-04-02 13:45:37.079  INFO 5359 --- [ost-startStop-1] o.s.web.context.ContextLoader            : Root WebApplicationContext: initialization completed in 521 ms
2019-04-02 13:45:37.159  INFO 5359 --- [ost-startStop-1] o.s.b.w.servlet.ServletRegistrationBean  : Servlet dispatcherServlet mapped to [/]
2019-04-02 13:45:37.163  INFO 5359 --- [ost-startStop-1] o.s.b.w.servlet.FilterRegistrationBean   : Mapping filter: 'characterEncodingFilter' to: [/*]
2019-04-02 13:45:37.164  INFO 5359 --- [ost-startStop-1] o.s.b.w.servlet.FilterRegistrationBean   : Mapping filter: 'hiddenHttpMethodFilter' to: [/*]
2019-04-02 13:45:37.164  INFO 5359 --- [ost-startStop-1] o.s.b.w.servlet.FilterRegistrationBean   : Mapping filter: 'httpPutFormContentFilter' to: [/*]
2019-04-02 13:45:37.164  INFO 5359 --- [ost-startStop-1] o.s.b.w.servlet.FilterRegistrationBean   : Mapping filter: 'requestContextFilter' to: [/*]
2019-04-02 13:45:37.248  INFO 5359 --- [    Test worker] o.s.w.s.handler.SimpleUrlHandlerMapping  : Mapped URL path [/**/favicon.ico] onto handler of type [class org.springframework.web.servlet.resource.ResourceHttpRequestHandler]
2019-04-02 13:45:37.324  INFO 5359 --- [    Test worker] s.w.s.m.m.a.RequestMappingHandlerAdapter : Looking for @ControllerAdvice: org.springframework.boot.web.servlet.context.AnnotationConfigServletWebServerApplicationContext@731eacd4: startup date [Tue Apr 02 13:45:36 KST 2019]; root of context hierarchy
2019-04-02 13:45:37.339  INFO 5359 --- [    Test worker] s.w.s.m.m.a.RequestMappingHandlerMapping : Mapped "{[/],methods=[GET]}" onto public org.springframework.web.servlet.ModelAndView sample.web.ui.mvc.MessageController.list()
2019-04-02 13:45:37.340  INFO 5359 --- [    Test worker] s.w.s.m.m.a.RequestMappingHandlerMapping : Mapped "{[/delete/{id}],methods=[GET]}" onto public org.springframework.web.servlet.ModelAndView sample.web.ui.mvc.MessageController.delete(java.lang.Long)
2019-04-02 13:45:37.340  INFO 5359 --- [    Test worker] s.w.s.m.m.a.RequestMappingHandlerMapping : Mapped "{[/],methods=[POST]}" onto public org.springframework.web.servlet.ModelAndView sample.web.ui.mvc.MessageController.create(sample.web.ui.Message,org.springframework.validation.BindingResult,org.springframework.web.servlet.mvc.support.RedirectAttributes)
2019-04-02 13:45:37.341  INFO 5359 --- [    Test worker] s.w.s.m.m.a.RequestMappingHandlerMapping : Mapped "{[/foo]}" onto public java.lang.String sample.web.ui.mvc.MessageController.foo()
2019-04-02 13:45:37.341  INFO 5359 --- [    Test worker] s.w.s.m.m.a.RequestMappingHandlerMapping : Mapped "{[/],methods=[GET],params=[form]}" onto public java.lang.String sample.web.ui.mvc.MessageController.createForm(sample.web.ui.Message)
2019-04-02 13:45:37.342  INFO 5359 --- [    Test worker] s.w.s.m.m.a.RequestMappingHandlerMapping : Mapped "{[/modify/{id}],methods=[GET]}" onto public org.springframework.web.servlet.ModelAndView sample.web.ui.mvc.MessageController.modifyForm(sample.web.ui.Message)
2019-04-02 13:45:37.342  INFO 5359 --- [    Test worker] s.w.s.m.m.a.RequestMappingHandlerMapping : Mapped "{[/{id}],methods=[GET]}" onto public org.springframework.web.servlet.ModelAndView sample.web.ui.mvc.MessageController.view(sample.web.ui.Message)
2019-04-02 13:45:37.345  INFO 5359 --- [    Test worker] s.w.s.m.m.a.RequestMappingHandlerMapping : Mapped "{[/error]}" onto public org.springframework.http.ResponseEntity<java.util.Map<java.lang.String, java.lang.Object>> org.springframework.boot.autoconfigure.web.servlet.error.BasicErrorController.error(javax.servlet.http.HttpServletRequest)
2019-04-02 13:45:37.346  INFO 5359 --- [    Test worker] s.w.s.m.m.a.RequestMappingHandlerMapping : Mapped "{[/error],produces=[text/html]}" onto public org.springframework.web.servlet.ModelAndView org.springframework.boot.autoconfigure.web.servlet.error.BasicErrorController.errorHtml(javax.servlet.http.HttpServletRequest,javax.servlet.http.HttpServletResponse)
2019-04-02 13:45:37.360  INFO 5359 --- [    Test worker] o.s.w.s.handler.SimpleUrlHandlerMapping  : Mapped URL path [/webjars/**] onto handler of type [class org.springframework.web.servlet.resource.ResourceHttpRequestHandler]
2019-04-02 13:45:37.361  INFO 5359 --- [    Test worker] o.s.w.s.handler.SimpleUrlHandlerMapping  : Mapped URL path [/**] onto handler of type [class org.springframework.web.servlet.resource.ResourceHttpRequestHandler]
2019-04-02 13:45:37.489  INFO 5359 --- [    Test worker] o.s.b.w.embedded.tomcat.TomcatWebServer  : Tomcat started on port(s): 53172 (http) with context path ''
2019-04-02 13:45:37.490  INFO 5359 --- [    Test worker] s.web.ui.SampleWebUiApplicationTests     : Started SampleWebUiApplicationTests in 0.96 seconds (JVM running for 4.083)
2019-04-02 13:45:37.558  INFO 5359 --- [o-auto-1-exec-1] o.a.c.c.C.[Tomcat].[localhost].[/]       : Initializing Spring FrameworkServlet 'dispatcherServlet'
2019-04-02 13:45:37.558  INFO 5359 --- [o-auto-1-exec-1] o.s.web.servlet.DispatcherServlet        : FrameworkServlet 'dispatcherServlet': initialization started
2019-04-02 13:45:37.569  INFO 5359 --- [o-auto-1-exec-1] o.s.web.servlet.DispatcherServlet        : FrameworkServlet 'dispatcherServlet': initialization completed in 11 ms
]]></system-out>
  <system-err><![CDATA[]]></system-err>
</testsuite>
