<?xml version="1.0" encoding="UTF-8"?>
<testsuite name="sample.web.ui.MessageControllerWebTests" tests="1" skipped="0" failures="0" errors="0" timestamp="2019-04-06T01:32:10" hostname="seoui-MacBookPro.local" time="0.419">
  <properties/>
  <testcase name="testHome" classname="sample.web.ui.MessageControllerWebTests" time="0.419"/>
  <system-out><![CDATA[2019-04-06 10:32:08.721  INFO   --- [    Test worker] .b.t.c.SpringBootTestContextBootstrapper : Neither @ContextConfiguration nor @ContextHierarchy found for test class [sample.web.ui.MessageControllerWebTests], using SpringBootContextLoader
2019-04-06 10:32:08.729  INFO   --- [    Test worker] o.s.t.c.support.AbstractContextLoader    : Could not detect default resource locations for test class [sample.web.ui.MessageControllerWebTests]: no resource found for suffixes {-context.xml, Context.groovy}.
2019-04-06 10:32:08.731  INFO   --- [    Test worker] t.c.s.AnnotationConfigContextLoaderUtils : Could not detect default configuration classes for test class [sample.web.ui.MessageControllerWebTests]: MessageControllerWebTests does not declare any static, non-private, non-final, nested classes annotated with @Configuration.
2019-04-06 10:32:08.821  INFO   --- [    Test worker] .b.t.c.SpringBootTestContextBootstrapper : Found @SpringBootConfiguration sample.web.ui.SampleWebUiApplication for test class sample.web.ui.MessageControllerWebTests
2019-04-06 10:32:08.896  INFO   --- [    Test worker] .b.t.c.SpringBootTestContextBootstrapper : Loaded default TestExecutionListener class names from location [META-INF/spring.factories]: [org.springframework.boot.test.autoconfigure.restdocs.RestDocsTestExecutionListener, org.springframework.boot.test.autoconfigure.web.client.MockRestServiceServerResetTestExecutionListener, org.springframework.boot.test.autoconfigure.web.servlet.MockMvcPrintOnlyOnFailureTestExecutionListener, org.springframework.boot.test.autoconfigure.web.servlet.WebDriverTestExecutionListener, org.springframework.boot.test.mock.mockito.MockitoTestExecutionListener, org.springframework.boot.test.mock.mockito.ResetMocksTestExecutionListener, org.springframework.test.context.web.ServletTestExecutionListener, org.springframework.test.context.support.DirtiesContextBeforeModesTestExecutionListener, org.springframework.test.context.support.DependencyInjectionTestExecutionListener, org.springframework.test.context.support.DirtiesContextTestExecutionListener, org.springframework.test.context.transaction.TransactionalTestExecutionListener, org.springframework.test.context.jdbc.SqlScriptsTestExecutionListener]
2019-04-06 10:32:08.906  INFO   --- [    Test worker] .b.t.c.SpringBootTestContextBootstrapper : Using TestExecutionListeners: [org.springframework.test.context.web.ServletTestExecutionListener@3543aa2d, org.springframework.test.context.support.DirtiesContextBeforeModesTestExecutionListener@1575f872, org.springframework.boot.test.mock.mockito.MockitoTestExecutionListener@280dd325, org.springframework.boot.test.autoconfigure.SpringBootDependencyInjectionTestExecutionListener@5c35fb45, org.springframework.test.context.support.DirtiesContextTestExecutionListener@748f302c, org.springframework.boot.test.autoconfigure.restdocs.RestDocsTestExecutionListener@4e83e0a7, org.springframework.boot.test.autoconfigure.web.client.MockRestServiceServerResetTestExecutionListener@85196a9, org.springframework.boot.test.autoconfigure.web.servlet.MockMvcPrintOnlyOnFailureTestExecutionListener@7bcdbb35, org.springframework.boot.test.autoconfigure.web.servlet.WebDriverTestExecutionListener@76cefa30, org.springframework.boot.test.mock.mockito.ResetMocksTestExecutionListener@2799ba96]

  .   ____          _            __ _ _
 /\\ / ___'_ __ _ _(_)_ __  __ _ \ \ \ \
( ( )\___ | '_ | '_| | '_ \/ _` | \ \ \ \
 \\/  ___)| |_)| | | | | || (_| |  ) ) ) )
  '  |____| .__|_| |_|_| |_\__, | / / / /
 =========|_|==============|___/=/_/_/_/
 :: Spring Boot ::        (v2.0.3.RELEASE)

"10:32:09.139 [Test worker] INFO  s.w.u.MessageControllerWebTests - Starting MessageControllerWebTests on seoui-MacBookPro.local with PID 5010 (started by seowonchoi in /Users/seowonchoi/Github/spring_boot/spring-boot-samples/spring-boot-sample-web-ui)
""10:32:09.144 [Test worker] INFO  s.w.u.MessageControllerWebTests - No active profile set, falling back to default profiles: default
""10:32:09.177 [Test worker] INFO  o.s.w.c.s.GenericWebApplicationContext - Refreshing org.springframework.web.context.support.GenericWebApplicationContext@33c18dd2: startup date [Sat Apr 06 10:32:09 KST 2019]; root of context hierarchy
""10:32:10.320 [Test worker] INFO  o.s.w.s.h.SimpleUrlHandlerMapping - Mapped URL path [/**/favicon.ico] onto handler of type [class org.springframework.web.servlet.resource.ResourceHttpRequestHandler]
""10:32:10.504 [Test worker] INFO  o.s.w.s.m.m.a.RequestMappingHandlerAdapter - Looking for @ControllerAdvice: org.springframework.web.context.support.GenericWebApplicationContext@33c18dd2: startup date [Sat Apr 06 10:32:09 KST 2019]; root of context hierarchy
""10:32:10.568 [Test worker] INFO  o.s.w.s.m.m.a.RequestMappingHandlerMapping - Mapped "{[/],methods=[GET]}" onto public org.springframework.web.servlet.ModelAndView sample.web.ui.mvc.MessageController.list()
""10:32:10.569 [Test worker] INFO  o.s.w.s.m.m.a.RequestMappingHandlerMapping - Mapped "{[/delete/{id}],methods=[GET]}" onto public org.springframework.web.servlet.ModelAndView sample.web.ui.mvc.MessageController.delete(java.lang.Long)
""10:32:10.570 [Test worker] INFO  o.s.w.s.m.m.a.RequestMappingHandlerMapping - Mapped "{[/],methods=[POST]}" onto public org.springframework.web.servlet.ModelAndView sample.web.ui.mvc.MessageController.create(sample.web.ui.Message,org.springframework.validation.BindingResult,org.springframework.web.servlet.mvc.support.RedirectAttributes)
""10:32:10.570 [Test worker] INFO  o.s.w.s.m.m.a.RequestMappingHandlerMapping - Mapped "{[/],methods=[GET],params=[form]}" onto public java.lang.String sample.web.ui.mvc.MessageController.createForm(sample.web.ui.Message)
""10:32:10.571 [Test worker] INFO  o.s.w.s.m.m.a.RequestMappingHandlerMapping - Mapped "{[/health],methods=[GET]}" onto public java.util.HashMap<java.lang.String, java.lang.Object> sample.web.ui.mvc.MessageController.health()
""10:32:10.571 [Test worker] INFO  o.s.w.s.m.m.a.RequestMappingHandlerMapping - Mapped "{[/{id}],methods=[GET]}" onto public org.springframework.web.servlet.ModelAndView sample.web.ui.mvc.MessageController.view(sample.web.ui.Message)
""10:32:10.572 [Test worker] INFO  o.s.w.s.m.m.a.RequestMappingHandlerMapping - Mapped "{[/foo]}" onto public java.lang.String sample.web.ui.mvc.MessageController.foo()
""10:32:10.574 [Test worker] INFO  o.s.w.s.m.m.a.RequestMappingHandlerMapping - Mapped "{[/error]}" onto public org.springframework.http.ResponseEntity<java.util.Map<java.lang.String, java.lang.Object>> org.springframework.boot.autoconfigure.web.servlet.error.BasicErrorController.error(javax.servlet.http.HttpServletRequest)
""10:32:10.575 [Test worker] INFO  o.s.w.s.m.m.a.RequestMappingHandlerMapping - Mapped "{[/error],produces=[text/html]}" onto public org.springframework.web.servlet.ModelAndView org.springframework.boot.autoconfigure.web.servlet.error.BasicErrorController.errorHtml(javax.servlet.http.HttpServletRequest,javax.servlet.http.HttpServletResponse)
""10:32:10.598 [Test worker] INFO  o.s.w.s.h.SimpleUrlHandlerMapping - Mapped URL path [/webjars/**] onto handler of type [class org.springframework.web.servlet.resource.ResourceHttpRequestHandler]
""10:32:10.598 [Test worker] INFO  o.s.w.s.h.SimpleUrlHandlerMapping - Mapped URL path [/**] onto handler of type [class org.springframework.web.servlet.resource.ResourceHttpRequestHandler]
""10:32:10.780 [Test worker] INFO  s.w.u.MessageControllerWebTests - Started MessageControllerWebTests in 1.845 seconds (JVM running for 2.764)
""10:32:10.847 [Test worker] INFO  o.s.b.t.m.w.SpringBootMockServletContext - Initializing Spring FrameworkServlet ''
""10:32:10.847 [Test worker] INFO  o.s.t.w.s.TestDispatcherServlet - FrameworkServlet '': initialization started
""10:32:10.857 [Test worker] INFO  o.s.t.w.s.TestDispatcherServlet - FrameworkServlet '': initialization completed in 10 ms
"]]></system-out>
  <system-err><![CDATA[]]></system-err>
</testsuite>
