<?xml version="1.0" encoding="UTF-8"?>
<testsuite name="sample.web.ui.MessageControllerWebTests" tests="1" skipped="0" failures="0" errors="0" timestamp="2019-04-03T06:58:12" hostname="seouimacbookpro.kr.ibm.com" time="0.444">
  <properties/>
  <testcase name="testHome" classname="sample.web.ui.MessageControllerWebTests" time="0.444"/>
  <system-out><![CDATA[2019-04-03 15:58:10.271  INFO   --- [    Test worker] .b.t.c.SpringBootTestContextBootstrapper : Neither @ContextConfiguration nor @ContextHierarchy found for test class [sample.web.ui.MessageControllerWebTests], using SpringBootContextLoader
2019-04-03 15:58:10.278  INFO   --- [    Test worker] o.s.t.c.support.AbstractContextLoader    : Could not detect default resource locations for test class [sample.web.ui.MessageControllerWebTests]: no resource found for suffixes {-context.xml, Context.groovy}.
2019-04-03 15:58:10.280  INFO   --- [    Test worker] t.c.s.AnnotationConfigContextLoaderUtils : Could not detect default configuration classes for test class [sample.web.ui.MessageControllerWebTests]: MessageControllerWebTests does not declare any static, non-private, non-final, nested classes annotated with @Configuration.
2019-04-03 15:58:10.353  INFO   --- [    Test worker] .b.t.c.SpringBootTestContextBootstrapper : Found @SpringBootConfiguration sample.web.ui.SampleWebUiApplication for test class sample.web.ui.MessageControllerWebTests
2019-04-03 15:58:10.421  INFO   --- [    Test worker] .b.t.c.SpringBootTestContextBootstrapper : Loaded default TestExecutionListener class names from location [META-INF/spring.factories]: [org.springframework.boot.test.autoconfigure.restdocs.RestDocsTestExecutionListener, org.springframework.boot.test.autoconfigure.web.client.MockRestServiceServerResetTestExecutionListener, org.springframework.boot.test.autoconfigure.web.servlet.MockMvcPrintOnlyOnFailureTestExecutionListener, org.springframework.boot.test.autoconfigure.web.servlet.WebDriverTestExecutionListener, org.springframework.boot.test.mock.mockito.MockitoTestExecutionListener, org.springframework.boot.test.mock.mockito.ResetMocksTestExecutionListener, org.springframework.test.context.web.ServletTestExecutionListener, org.springframework.test.context.support.DirtiesContextBeforeModesTestExecutionListener, org.springframework.test.context.support.DependencyInjectionTestExecutionListener, org.springframework.test.context.support.DirtiesContextTestExecutionListener, org.springframework.test.context.transaction.TransactionalTestExecutionListener, org.springframework.test.context.jdbc.SqlScriptsTestExecutionListener]
2019-04-03 15:58:10.430  INFO   --- [    Test worker] .b.t.c.SpringBootTestContextBootstrapper : Using TestExecutionListeners: [org.springframework.test.context.web.ServletTestExecutionListener@3543aa2d, org.springframework.test.context.support.DirtiesContextBeforeModesTestExecutionListener@1575f872, org.springframework.boot.test.mock.mockito.MockitoTestExecutionListener@280dd325, org.springframework.boot.test.autoconfigure.SpringBootDependencyInjectionTestExecutionListener@5c35fb45, org.springframework.test.context.support.DirtiesContextTestExecutionListener@748f302c, org.springframework.boot.test.autoconfigure.restdocs.RestDocsTestExecutionListener@4e83e0a7, org.springframework.boot.test.autoconfigure.web.client.MockRestServiceServerResetTestExecutionListener@85196a9, org.springframework.boot.test.autoconfigure.web.servlet.MockMvcPrintOnlyOnFailureTestExecutionListener@7bcdbb35, org.springframework.boot.test.autoconfigure.web.servlet.WebDriverTestExecutionListener@76cefa30, org.springframework.boot.test.mock.mockito.ResetMocksTestExecutionListener@2799ba96]

  .   ____          _            __ _ _
 /\\ / ___'_ __ _ _(_)_ __  __ _ \ \ \ \
( ( )\___ | '_ | '_| | '_ \/ _` | \ \ \ \
 \\/  ___)| |_)| | | | | || (_| |  ) ) ) )
  '  |____| .__|_| |_|_| |_\__, | / / / /
 =========|_|==============|___/=/_/_/_/
 :: Spring Boot ::        (v2.0.3.RELEASE)

2019-04-03 15:58:10.651  INFO 4013 --- [    Test worker] sample.web.ui.MessageControllerWebTests  : Starting MessageControllerWebTests on seouimacbookpro.kr.ibm.com with PID 4013 (started by seowonchoi in /Users/seowonchoi/Github/spring_boot/spring-boot-samples/spring-boot-sample-web-ui)
2019-04-03 15:58:10.653  INFO 4013 --- [    Test worker] sample.web.ui.MessageControllerWebTests  : No active profile set, falling back to default profiles: default
2019-04-03 15:58:10.693  INFO 4013 --- [    Test worker] o.s.w.c.s.GenericWebApplicationContext   : Refreshing org.springframework.web.context.support.GenericWebApplicationContext@69971962: startup date [Wed Apr 03 15:58:10 KST 2019]; root of context hierarchy
2019-04-03 15:58:11.699  INFO 4013 --- [    Test worker] o.s.w.s.handler.SimpleUrlHandlerMapping  : Mapped URL path [/**/favicon.ico] onto handler of type [class org.springframework.web.servlet.resource.ResourceHttpRequestHandler]
2019-04-03 15:58:11.868  INFO 4013 --- [    Test worker] s.w.s.m.m.a.RequestMappingHandlerAdapter : Looking for @ControllerAdvice: org.springframework.web.context.support.GenericWebApplicationContext@69971962: startup date [Wed Apr 03 15:58:10 KST 2019]; root of context hierarchy
2019-04-03 15:58:11.931  INFO 4013 --- [    Test worker] s.w.s.m.m.a.RequestMappingHandlerMapping : Mapped "{[/],methods=[GET]}" onto public org.springframework.web.servlet.ModelAndView sample.web.ui.mvc.MessageController.list()
2019-04-03 15:58:11.933  INFO 4013 --- [    Test worker] s.w.s.m.m.a.RequestMappingHandlerMapping : Mapped "{[/delete/{id}],methods=[GET]}" onto public org.springframework.web.servlet.ModelAndView sample.web.ui.mvc.MessageController.delete(java.lang.Long)
2019-04-03 15:58:11.933  INFO 4013 --- [    Test worker] s.w.s.m.m.a.RequestMappingHandlerMapping : Mapped "{[/],methods=[POST]}" onto public org.springframework.web.servlet.ModelAndView sample.web.ui.mvc.MessageController.create(sample.web.ui.Message,org.springframework.validation.BindingResult,org.springframework.web.servlet.mvc.support.RedirectAttributes)
2019-04-03 15:58:11.933  INFO 4013 --- [    Test worker] s.w.s.m.m.a.RequestMappingHandlerMapping : Mapped "{[/],methods=[GET],params=[form]}" onto public java.lang.String sample.web.ui.mvc.MessageController.createForm(sample.web.ui.Message)
2019-04-03 15:58:11.934  INFO 4013 --- [    Test worker] s.w.s.m.m.a.RequestMappingHandlerMapping : Mapped "{[/modify/{id}],methods=[GET]}" onto public org.springframework.web.servlet.ModelAndView sample.web.ui.mvc.MessageController.modifyForm(sample.web.ui.Message)
2019-04-03 15:58:11.934  INFO 4013 --- [    Test worker] s.w.s.m.m.a.RequestMappingHandlerMapping : Mapped "{[/{id}],methods=[GET]}" onto public org.springframework.web.servlet.ModelAndView sample.web.ui.mvc.MessageController.view(sample.web.ui.Message)
2019-04-03 15:58:11.934  INFO 4013 --- [    Test worker] s.w.s.m.m.a.RequestMappingHandlerMapping : Mapped "{[/foo]}" onto public java.lang.String sample.web.ui.mvc.MessageController.foo()
2019-04-03 15:58:11.937  INFO 4013 --- [    Test worker] s.w.s.m.m.a.RequestMappingHandlerMapping : Mapped "{[/error]}" onto public org.springframework.http.ResponseEntity<java.util.Map<java.lang.String, java.lang.Object>> org.springframework.boot.autoconfigure.web.servlet.error.BasicErrorController.error(javax.servlet.http.HttpServletRequest)
2019-04-03 15:58:11.938  INFO 4013 --- [    Test worker] s.w.s.m.m.a.RequestMappingHandlerMapping : Mapped "{[/error],produces=[text/html]}" onto public org.springframework.web.servlet.ModelAndView org.springframework.boot.autoconfigure.web.servlet.error.BasicErrorController.errorHtml(javax.servlet.http.HttpServletRequest,javax.servlet.http.HttpServletResponse)
2019-04-03 15:58:11.958  INFO 4013 --- [    Test worker] o.s.w.s.handler.SimpleUrlHandlerMapping  : Mapped URL path [/webjars/**] onto handler of type [class org.springframework.web.servlet.resource.ResourceHttpRequestHandler]
2019-04-03 15:58:11.959  INFO 4013 --- [    Test worker] o.s.w.s.handler.SimpleUrlHandlerMapping  : Mapped URL path [/**] onto handler of type [class org.springframework.web.servlet.resource.ResourceHttpRequestHandler]
2019-04-03 15:58:12.156  INFO 4013 --- [    Test worker] sample.web.ui.MessageControllerWebTests  : Started MessageControllerWebTests in 1.702 seconds (JVM running for 2.599)
2019-04-03 15:58:12.229  INFO 4013 --- [    Test worker] o.s.b.t.m.w.SpringBootMockServletContext : Initializing Spring FrameworkServlet ''
2019-04-03 15:58:12.229  INFO 4013 --- [    Test worker] o.s.t.web.servlet.TestDispatcherServlet  : FrameworkServlet '': initialization started
2019-04-03 15:58:12.239  INFO 4013 --- [    Test worker] o.s.t.web.servlet.TestDispatcherServlet  : FrameworkServlet '': initialization completed in 10 ms
]]></system-out>
  <system-err><![CDATA[]]></system-err>
</testsuite>
